<?xml version="1.0" encoding="UTF-8"?>
<!-- Generated by org.testng.reporters.JUnitReportReporter -->
<testsuite hostname="thinkpad12g" failures="0" tests="8" name="MyTestCases" time="23.238" errors="0" timestamp="2023-12-19T10:37:06 EET" skipped="7">
  <testcase classname="MyTestCases" name="HotelTabSwitch" time="23.238"/>
  <system-out/>
  <testcase classname="MyTestCases" name="checktheLanguage">
    <skipped/>
  </testcase> <!-- checktheLanguage -->
  <system-out/>
  <testcase classname="MyTestCases" name="checkQitafLogoIsThere">
    <skipped/>
  </testcase> <!-- checkQitafLogoIsThere -->
  <system-out/>
  <testcase classname="MyTestCases" name="checktheCurrency">
    <skipped/>
  </testcase> <!-- checktheCurrency -->
  <system-out/>
  <testcase classname="MyTestCases" name="ContactNumberCheck">
    <skipped/>
  </testcase> <!-- ContactNumberCheck -->
  <system-out/>
  <testcase classname="MyTestCases" name="CheckTheDateOfTheWebSite">
    <skipped/>
  </testcase> <!-- CheckTheDateOfTheWebSite -->
  <system-out/>
  <testcase classname="MyTestCases" name="changeTheLanguageofTheWebsiteRandomly">
    <skipped/>
  </testcase> <!-- changeTheLanguageofTheWebsiteRandomly -->
  <system-out/>
  <testcase classname="MyTestCases" name="CheckHotelTabIsNotSelected">
    <skipped/>
  </testcase> <!-- CheckHotelTabIsNotSelected -->
  <system-out/>
</testsuite> <!-- MyTestCases -->
